<?xml version="1.0" encoding="UTF-8"?>
<!-- Generated by org.testng.reporters.JUnitXMLReporter -->
<testsuite ignored="0" hostname="DESKTOP-O5NKINB" failures="0" tests="8" name="Surefire test" time="63.348" errors="0" timestamp="2024-05-05T00:43:13 IST">
  <testcase classname="Day1.Test2" name="streamCollect" time="0.012"/>
  <testcase classname="Day1.Test2" name="streamFilter" time="0.005"/>
  <testcase classname="Day1.Test2" name="streamMap" time="0.008"/>
  <testcase classname="Maven_Project.Testing" name="submitOrder" time="20.496"/>
  <testcase classname="Maven_Project.Testing" name="submitOrder" time="20.856"/>
  <testcase classname="Maven_Project.Testing" name="orderHistoryTest" time="3.423"/>
  <testcase classname="TestNg.Testngtutorial" name="Demo" time="0.001"/>
  <testcase classname="TestNg.Testngtutorial" name="Second" time="0.0"/>
</testsuite> <!-- Surefire test -->
