<?xml version="1.0" encoding="UTF-8"?>
<testng-results ignored="0" total="8" passed="8" failed="0" skipped="0">
  <reporter-output>
  </reporter-output>
  <suite started-at="2024-05-05T00:42:09 IST" name="Surefire suite" finished-at="2024-05-05T00:43:13 IST" duration-ms="63348">
    <groups>
      <group name="cucumber">
        <method signature="AbstractTestNGCucumberTests.runScenario(io.cucumber.testng.PickleWrapper,io.cucumber.testng.FeatureWrapper)[pri:0, instance:Maven_Project.Cucumber.TestNGTestRunner@7fc229ab]" name="runScenario" class="io.cucumber.testng.AbstractTestNGCucumberTests"/>
      </group> <!-- cucumber -->
      <group name="Smoke">
        <method signature="Testngtutorial.Second()[pri:0, instance:TestNg.Testngtutorial@2133814f]" name="Second" class="TestNg.Testngtutorial"/>
      </group> <!-- Smoke -->
      <group name="purchase order">
        <method signature="Testing.submitOrder(java.util.HashMap)[pri:0, instance:Maven_Project.Testing@1198b989]" name="submitOrder" class="Maven_Project.Testing"/>
      </group> <!-- purchase order -->
    </groups>
    <test started-at="2024-05-05T00:42:09 IST" name="Surefire test" finished-at="2024-05-05T00:43:13 IST" duration-ms="63348">
      <class name="Maven_Project.Testing">
        <test-method is-config="true" signature="launchapplication()[pri:0, instance:Maven_Project.Testing@1198b989]" started-at="2024-05-05T00:42:11 IST" name="launchapplication" finished-at="2024-05-05T00:42:20 IST" duration-ms="9132" status="PASS">
          <reporter-output>
          </reporter-output>
        </test-method> <!-- launchapplication -->
        <test-method signature="submitOrder(java.util.HashMap)[pri:0, instance:Maven_Project.Testing@1198b989]" started-at="2024-05-05T00:42:20 IST" name="submitOrder" data-provider="getData" finished-at="2024-05-05T00:42:40 IST" duration-ms="20496" status="PASS">
          <params>
            <param index="0">
              <value>
                <![CDATA[{productname=IPHONE 13 PRO, password=Shannu123, email=shanmukbayaneni@gmail.com}]]>
              </value>
            </param>
          </params>
          <reporter-output>
          </reporter-output>
        </test-method> <!-- submitOrder -->
        <test-method is-config="true" signature="tearDown()[pri:0, instance:Maven_Project.Testing@1198b989]" started-at="2024-05-05T00:42:40 IST" name="tearDown" finished-at="2024-05-05T00:42:40 IST" duration-ms="81" status="PASS">
          <reporter-output>
          </reporter-output>
        </test-method> <!-- tearDown -->
        <test-method is-config="true" signature="launchapplication()[pri:0, instance:Maven_Project.Testing@1198b989]" started-at="2024-05-05T00:42:40 IST" name="launchapplication" finished-at="2024-05-05T00:42:46 IST" duration-ms="5568" status="PASS">
          <reporter-output>
          </reporter-output>
        </test-method> <!-- launchapplication -->
        <test-method signature="submitOrder(java.util.HashMap)[pri:0, instance:Maven_Project.Testing@1198b989]" started-at="2024-05-05T00:42:46 IST" name="submitOrder" data-provider="getData" finished-at="2024-05-05T00:43:07 IST" duration-ms="20856" status="PASS">
          <params>
            <param index="0">
              <value>
                <![CDATA[{productname=ADIDAS ORIGINAL, password=Shannu@msdkiller_1234, email=shanbay@gmail.com}]]>
              </value>
            </param>
          </params>
          <reporter-output>
          </reporter-output>
        </test-method> <!-- submitOrder -->
        <test-method is-config="true" signature="tearDown()[pri:0, instance:Maven_Project.Testing@1198b989]" started-at="2024-05-05T00:43:07 IST" name="tearDown" finished-at="2024-05-05T00:43:07 IST" duration-ms="73" status="PASS">
          <reporter-output>
          </reporter-output>
        </test-method> <!-- tearDown -->
        <test-method is-config="true" signature="launchapplication()[pri:0, instance:Maven_Project.Testing@1198b989]" started-at="2024-05-05T00:43:07 IST" name="launchapplication" finished-at="2024-05-05T00:43:09 IST" duration-ms="2452" status="PASS">
          <reporter-output>
          </reporter-output>
        </test-method> <!-- launchapplication -->
        <test-method signature="orderHistoryTest()[pri:0, instance:Maven_Project.Testing@1198b989]" started-at="2024-05-05T00:43:09 IST" name="orderHistoryTest" finished-at="2024-05-05T00:43:13 IST" depends-on-methods="Maven_Project.Testing.submitOrder" duration-ms="3423" status="PASS">
          <reporter-output>
          </reporter-output>
        </test-method> <!-- orderHistoryTest -->
        <test-method is-config="true" signature="tearDown()[pri:0, instance:Maven_Project.Testing@1198b989]" started-at="2024-05-05T00:43:13 IST" name="tearDown" finished-at="2024-05-05T00:43:13 IST" duration-ms="80" status="PASS">
          <reporter-output>
          </reporter-output>
        </test-method> <!-- tearDown -->
      </class> <!-- Maven_Project.Testing -->
      <class name="TestNg.Testngtutorial">
        <test-method signature="Demo()[pri:0, instance:TestNg.Testngtutorial@2133814f]" started-at="2024-05-05T00:43:13 IST" name="Demo" finished-at="2024-05-05T00:43:13 IST" duration-ms="1" status="PASS">
          <reporter-output>
          </reporter-output>
        </test-method> <!-- Demo -->
        <test-method signature="Second()[pri:0, instance:TestNg.Testngtutorial@2133814f]" started-at="2024-05-05T00:43:13 IST" name="Second" finished-at="2024-05-05T00:43:13 IST" duration-ms="0" status="PASS">
          <reporter-output>
          </reporter-output>
        </test-method> <!-- Second -->
        <test-method is-config="true" signature="exeecute()[pri:0, instance:TestNg.Testngtutorial@2133814f]" started-at="2024-05-05T00:43:13 IST" name="exeecute" finished-at="2024-05-05T00:43:13 IST" duration-ms="1" status="PASS">
          <reporter-output>
          </reporter-output>
        </test-method> <!-- exeecute -->
      </class> <!-- TestNg.Testngtutorial -->
      <class name="Maven_Project.Cucumber.TestNGTestRunner">
        <test-method is-config="true" signature="setUpClass(org.testng.ITestContext)[pri:0, instance:Maven_Project.Cucumber.TestNGTestRunner@7fc229ab]" started-at="2024-05-05T00:42:09 IST" name="setUpClass" finished-at="2024-05-05T00:42:10 IST" duration-ms="810" status="PASS">
          <params>
            <param index="0">
              <value>
                <![CDATA[org.testng.TestRunner@73afe2b7]]>
              </value>
            </param>
          </params>
          <reporter-output>
          </reporter-output>
        </test-method> <!-- setUpClass -->
        <test-method is-config="true" signature="tearDownClass()[pri:0, instance:Maven_Project.Cucumber.TestNGTestRunner@7fc229ab]" started-at="2024-05-05T00:42:10 IST" name="tearDownClass" finished-at="2024-05-05T00:42:10 IST" duration-ms="39" status="PASS">
          <reporter-output>
          </reporter-output>
        </test-method> <!-- tearDownClass -->
      </class> <!-- Maven_Project.Cucumber.TestNGTestRunner -->
      <class name="Day1.Test2">
        <test-method signature="streamCollect()[pri:0, instance:Day1.Test2@23282c25]" started-at="2024-05-05T00:42:09 IST" name="streamCollect" finished-at="2024-05-05T00:42:09 IST" duration-ms="12" status="PASS">
          <reporter-output>
          </reporter-output>
        </test-method> <!-- streamCollect -->
        <test-method signature="streamFilter()[pri:0, instance:Day1.Test2@23282c25]" started-at="2024-05-05T00:42:09 IST" name="streamFilter" finished-at="2024-05-05T00:42:09 IST" duration-ms="5" status="PASS">
          <reporter-output>
          </reporter-output>
        </test-method> <!-- streamFilter -->
        <test-method signature="streamMap()[pri:0, instance:Day1.Test2@23282c25]" started-at="2024-05-05T00:42:09 IST" name="streamMap" finished-at="2024-05-05T00:42:09 IST" duration-ms="8" status="PASS">
          <reporter-output>
          </reporter-output>
        </test-method> <!-- streamMap -->
      </class> <!-- Day1.Test2 -->
    </test> <!-- Surefire test -->
  </suite> <!-- Surefire suite -->
</testng-results>
